0 info it worked if it ends with ok
1 verbose cli [ 'c:\\Program Files\\nodejs\\node.exe',
1 verbose cli   'c:\\Program Files\\nodejs\\node_modules\\npm\\bin\\npm-cli.js',
1 verbose cli   'install',
1 verbose cli   'libpng-dev' ]
2 info using npm@1.4.3
3 info using node@v0.10.26
4 warn package.json mytodo@0.0.0 No description
5 warn package.json mytodo@0.0.0 No repository field.
6 warn package.json mytodo@0.0.0 No README data
7 verbose readDependencies using package.json deps
8 verbose cache add [ 'libpng-dev', null ]
9 verbose cache add name=undefined spec="libpng-dev" args=["libpng-dev",null]
10 verbose parsed url { protocol: null,
10 verbose parsed url   slashes: null,
10 verbose parsed url   auth: null,
10 verbose parsed url   host: null,
10 verbose parsed url   port: null,
10 verbose parsed url   hostname: null,
10 verbose parsed url   hash: null,
10 verbose parsed url   search: null,
10 verbose parsed url   query: null,
10 verbose parsed url   pathname: 'libpng-dev',
10 verbose parsed url   path: 'libpng-dev',
10 verbose parsed url   href: 'libpng-dev' }
11 silly lockFile c94b32ed-libpng-dev libpng-dev
12 verbose lock libpng-dev C:\Users\joan.miralles\AppData\Roaming\npm-cache\c94b32ed-libpng-dev.lock
13 silly lockFile c94b32ed-libpng-dev libpng-dev
14 silly lockFile c94b32ed-libpng-dev libpng-dev
15 verbose addNamed [ 'libpng-dev', '' ]
16 verbose addNamed [ null, '*' ]
17 silly lockFile 3936fd13-libpng-dev libpng-dev@
18 verbose lock libpng-dev@ C:\Users\joan.miralles\AppData\Roaming\npm-cache\3936fd13-libpng-dev.lock
19 silly addNameRange { name: 'libpng-dev', range: '*', hasData: false }
20 verbose url raw libpng-dev
21 verbose url resolving [ 'https://registry.npmjs.org/', './libpng-dev' ]
22 verbose url resolved https://registry.npmjs.org/libpng-dev
23 info trying registry request attempt 1 at 17:31:43
24 http GET https://registry.npmjs.org/libpng-dev
25 http 404 https://registry.npmjs.org/libpng-dev
26 silly registry.get cb [ 404,
26 silly registry.get   { date: 'Thu, 16 Oct 2014 15:32:54 GMT',
26 silly registry.get     server: 'CouchDB/1.5.0 (Erlang OTP/R16B03)',
26 silly registry.get     'content-type': 'application/json',
26 silly registry.get     'cache-control': 'max-age=0',
26 silly registry.get     'content-length': '52',
26 silly registry.get     'accept-ranges': 'bytes',
26 silly registry.get     via: '1.1 varnish',
26 silly registry.get     age: '0',
26 silly registry.get     'x-served-by': 'cache-lcy1134-LCY',
26 silly registry.get     'x-cache': 'MISS',
26 silly registry.get     'x-cache-hits': '0',
26 silly registry.get     'x-timer': 'S1413473574.242397,VS0,VE350',
26 silly registry.get     'keep-alive': 'timeout=10, max=50',
26 silly registry.get     connection: 'Keep-Alive' } ]
27 silly lockFile 3936fd13-libpng-dev libpng-dev@
28 silly lockFile 3936fd13-libpng-dev libpng-dev@
29 error 404 'libpng-dev' is not in the npm registry.
29 error 404 You should bug the author to publish it
29 error 404 It was specified as a dependency of 'mytodo'
29 error 404
29 error 404 Note that you can also install from a
29 error 404 tarball, folder, or http url, or git url.
30 error System Windows_NT 6.1.7601
31 error command "c:\\Program Files\\nodejs\\node.exe" "c:\\Program Files\\nodejs\\node_modules\\npm\\bin\\npm-cli.js" "install" "libpng-dev"
32 error cwd c:\Users\joan.miralles\documents\web\node\projects\mytodo
33 error node -v v0.10.26
34 error npm -v 1.4.3
35 error code E404
36 verbose exit [ 1, true ]
